{"D:\\TheGoodGameTheory\\TODO\\src\\components\\base\\Checkbox\\index.tsx": {"path":"D:\\TheGoodGameTheory\\TODO\\src\\components\\base\\Checkbox\\index.tsx","statementMap":{"0":{"start":{"line":6,"column":17},"end":{"line":10,"column":1}},"1":{"start":{"line":7,"column":2},"end":{"line":9,"column":null}},"2":{"start":{"line":12,"column":0},"end":{"line":12,"column":null}}},"fnMap":{"0":{"name":"(anonymous_0)","decl":{"start":{"line":6,"column":17},"end":{"line":6,"column":18}},"loc":{"start":{"line":6,"column":57},"end":{"line":10,"column":1}}}},"branchMap":{},"s":{"0":1,"1":1,"2":1},"f":{"0":1},"b":{}}
,"D:\\TheGoodGameTheory\\TODO\\src\\components\\base\\CustomButton\\index.tsx": {"path":"D:\\TheGoodGameTheory\\TODO\\src\\components\\base\\CustomButton\\index.tsx","statementMap":{"0":{"start":{"line":1,"column":0},"end":{"line":1,"column":47}},"1":{"start":{"line":3,"column":0},"end":{"line":3,"column":23}},"2":{"start":{"line":12,"column":23},"end":{"line":19,"column":2}},"3":{"start":{"line":21,"column":21},"end":{"line":25,"column":1}},"4":{"start":{"line":21,"column":51},"end":{"line":21,"column":56}},"5":{"start":{"line":21,"column":61},"end":{"line":21,"column":82}},"6":{"start":{"line":22,"column":2},"end":{"line":24,"column":null}},"7":{"start":{"line":27,"column":0},"end":{"line":27,"column":null}}},"fnMap":{"0":{"name":"(anonymous_2)","decl":{"start":{"line":21,"column":21},"end":{"line":21,"column":22}},"loc":{"start":{"line":21,"column":86},"end":{"line":25,"column":1}}}},"branchMap":{},"s":{"0":1,"1":1,"2":1,"3":1,"4":3,"5":3,"6":3,"7":1},"f":{"0":3},"b":{}}
,"D:\\TheGoodGameTheory\\TODO\\src\\components\\base\\InputField\\index.tsx": {"path":"D:\\TheGoodGameTheory\\TODO\\src\\components\\base\\InputField\\index.tsx","statementMap":{"0":{"start":{"line":10,"column":19},"end":{"line":14,"column":1}},"1":{"start":{"line":11,"column":2},"end":{"line":13,"column":null}},"2":{"start":{"line":16,"column":0},"end":{"line":16,"column":null}}},"fnMap":{"0":{"name":"(anonymous_0)","decl":{"start":{"line":10,"column":19},"end":{"line":10,"column":20}},"loc":{"start":{"line":10,"column":83},"end":{"line":14,"column":1}}}},"branchMap":{},"s":{"0":1,"1":1,"2":1},"f":{"0":1},"b":{}}
}
