TN:
SF:src\components\base\Checkbox\index.tsx
FN:6,(anonymous_0)
FN:8,(anonymous_1)
FNF:2
FNH:2
FNDA:6,(anonymous_0)
FNDA:2,(anonymous_1)
DA:6,2
DA:7,6
DA:12,2
LF:3
LH:3
BRF:0
BRH:0
end_of_record
TN:
SF:src\components\base\CustomButton\index.tsx
FN:21,(anonymous_2)
FNF:1
FNH:1
FNDA:40,(anonymous_2)
DA:1,2
DA:3,2
DA:12,2
DA:21,40
DA:22,40
DA:27,2
LF:6
LH:6
BRF:0
BRH:0
end_of_record
TN:
SF:src\components\base\InputField\index.tsx
FN:10,(anonymous_0)
FNF:1
FNH:1
FNDA:17,(anonymous_0)
DA:10,2
DA:11,17
DA:16,2
LF:3
LH:3
BRF:0
BRH:0
end_of_record
TN:
SF:src\containers\TodoListContainer\index.tsx
FN:6,(anonymous_1)
FN:11,(anonymous_2)
FN:15,(anonymous_3)
FN:24,(anonymous_4)
FN:29,(anonymous_5)
FN:30,(anonymous_6)
FN:31,(anonymous_7)
FN:35,(anonymous_8)
FN:36,(anonymous_9)
FN:37,(anonymous_10)
FN:46,(anonymous_11)
FN:50,(anonymous_12)
FNF:12
FNH:12
FNDA:16,(anonymous_1)
FNDA:4,(anonymous_2)
FNDA:4,(anonymous_3)
FNDA:4,(anonymous_4)
FNDA:1,(anonymous_5)
FNDA:1,(anonymous_6)
FNDA:1,(anonymous_7)
FNDA:1,(anonymous_8)
FNDA:1,(anonymous_9)
FNDA:1,(anonymous_10)
FNDA:1,(anonymous_11)
FNDA:11,(anonymous_12)
DA:1,1
DA:2,1
DA:3,1
DA:6,1
DA:7,16
DA:8,16
DA:9,16
DA:11,16
DA:12,4
DA:15,16
DA:16,4
DA:18,4
DA:24,4
DA:26,4
DA:29,16
DA:30,1
DA:31,1
DA:35,16
DA:36,1
DA:37,1
DA:38,1
DA:39,1
DA:41,0
DA:46,16
DA:47,1
DA:50,16
DA:51,11
DA:55,16
DA:67,1
LF:29
LH:28
BRDA:9,0,0,11
BRDA:9,0,1,5
BRDA:16,1,0,0
BRDA:38,2,0,1
BRF:4
BRH:3
end_of_record
TN:
SF:src\contexts\AuthContext.tsx
FN:32,(anonymous_8)
FN:35,(anonymous_9)
FN:35,(anonymous_10)
FN:56,(anonymous_11)
FN:56,(anonymous_12)
FN:76,(anonymous_13)
FN:81,(anonymous_14)
FN:85,(anonymous_15)
FN:110,(anonymous_16)
FNF:9
FNH:4
FNDA:5,(anonymous_8)
FNDA:0,(anonymous_9)
FNDA:0,(anonymous_10)
FNDA:0,(anonymous_11)
FNDA:0,(anonymous_12)
FNDA:0,(anonymous_13)
FNDA:16,(anonymous_14)
FNDA:5,(anonymous_15)
FNDA:16,(anonymous_16)
DA:1,1
DA:2,1
DA:3,1
DA:4,1
DA:28,1
DA:30,1
DA:32,1
DA:33,5
DA:35,5
DA:37,0
DA:38,0
DA:44,0
DA:45,0
DA:46,0
DA:48,0
DA:49,0
DA:52,0
DA:56,5
DA:58,0
DA:59,0
DA:64,0
DA:65,0
DA:66,0
DA:68,0
DA:69,0
DA:72,0
DA:76,5
DA:77,0
DA:78,0
DA:81,5
DA:82,16
DA:85,5
DA:86,5
DA:88,5
DA:89,0
DA:90,0
DA:91,0
DA:92,0
DA:93,0
DA:95,0
DA:96,0
DA:101,5
DA:108,1
DA:110,1
DA:111,16
DA:113,16
DA:114,0
DA:117,16
LF:48
LH:22
BRDA:88,0,0,0
BRDA:113,1,0,0
BRF:2
BRH:0
end_of_record
TN:
SF:src\views\AddItemView\index.tsx
FN:10,(anonymous_1)
FNF:1
FNH:1
FNDA:16,(anonymous_1)
DA:1,1
DA:2,1
DA:10,1
DA:11,16
DA:19,1
LF:5
LH:5
BRF:0
BRH:0
end_of_record
TN:
SF:src\views\HeadingView\index.tsx
FN:8,(anonymous_1)
FNF:1
FNH:1
FNDA:16,(anonymous_1)
DA:1,1
DA:2,1
DA:8,1
DA:9,16
DA:10,16
DA:18,1
LF:6
LH:6
BRDA:13,0,0,0
BRDA:13,0,1,16
BRF:2
BRH:1
end_of_record
TN:
SF:src\views\ListItemView\index.tsx
FN:13,(anonymous_1)
FN:17,(anonymous_2)
FN:20,(anonymous_3)
FNF:3
FNH:3
FNDA:5,(anonymous_1)
FNDA:1,(anonymous_2)
FNDA:1,(anonymous_3)
DA:2,1
DA:3,1
DA:13,1
DA:14,5
DA:17,1
DA:20,1
DA:25,1
LF:7
LH:7
BRF:0
BRH:0
end_of_record
TN:
SF:src\views\TodoView\index.tsx
FN:21,(anonymous_1)
FN:27,(anonymous_2)
FNF:2
FNH:2
FNDA:16,(anonymous_1)
FNDA:5,(anonymous_2)
DA:1,1
DA:2,1
DA:3,1
DA:21,1
DA:22,16
DA:28,5
DA:34,1
LF:7
LH:7
BRF:0
BRH:0
end_of_record
